<?xml version="1.0" encoding="UTF-8"?>
<!-- Generated by org.testng.reporters.JUnitReportReporter -->
<testsuite hostname="ACD-002" failures="0" tests="2" name="HomePage.TestCases.NavigateToPDPPage" time="6.073" errors="0" timestamp="28 Aug 2019 05:31:26 GMT" skipped="0">
  <testcase classname="HomePage.TestCases.NavigateToPDPPage" name="searchForProduct" time="3.359"/>
  <testcase classname="HomePage.TestCases.NavigateToPDPPage" name="clickOnAProductImage" time="2.714"/>
</testsuite> <!-- HomePage.TestCases.NavigateToPDPPage -->
