<?xml version="1.0" encoding="UTF-8"?>
<!-- Generated by org.testng.reporters.JUnitReportReporter -->
<testsuite hostname="ACD-002" failures="0" tests="1" name="TestMethods.OpenBrowser" time="7.877" errors="0" timestamp="20 Aug 2019 05:18:00 GMT" skipped="0">
  <testcase classname="TestMethods.OpenBrowser" name="openBrowser" time="7.877"/>
</testsuite> <!-- TestMethods.OpenBrowser -->
