<?xml version="1.0" encoding="UTF-8"?>
<!-- Generated by org.testng.reporters.JUnitReportReporter -->
<testsuite hostname="ACD-002" failures="0" tests="1" name="PDP.TestCases.AddProductToCart" time="1.032" errors="0" timestamp="28 Aug 2019 05:31:26 GMT" skipped="0">
  <testcase classname="PDP.TestCases.AddProductToCart" name="addAProductToCart" time="1.032"/>
</testsuite> <!-- PDP.TestCases.AddProductToCart -->
