<?xml version="1.0" encoding="UTF-8"?>
<!-- Generated by org.testng.reporters.JUnitReportReporter -->
<testsuite hostname="ACD-002" failures="0" tests="2" name="testcases.RemoveAllItemsFromCart" time="5.732" errors="0" timestamp="30 Aug 2019 11:03:45 GMT" skipped="0">
  <testcase classname="testcases.RemoveAllItemsFromCart" name="removeAllItems" time="1.735"/>
  <testcase classname="testcases.RemoveAllItemsFromCart" name="navigateToHomePage" time="3.997"/>
</testsuite> <!-- testcases.RemoveAllItemsFromCart -->
