<?xml version="1.0" encoding="UTF-8"?>
<!-- Generated by org.testng.reporters.JUnitReportReporter -->
<testsuite hostname="ACD-002" failures="0" tests="1" name="PDP.TestCases.AddProductToCart" time="2.470" errors="0" timestamp="03 Sep 2019 11:34:39 GMT" skipped="0">
  <testcase classname="PDP.TestCases.AddProductToCart" name="addAProductToCart" time="2.470"/>
</testsuite> <!-- PDP.TestCases.AddProductToCart -->
