<?xml version="1.0" encoding="UTF-8"?>
<!-- Generated by org.testng.reporters.JUnitReportReporter -->
<testsuite hostname="ACD-002" failures="0" tests="2" name="HomePage.TestCases.NavigateToPDPPage" time="7.505" errors="0" timestamp="16 Aug 2019 09:10:55 GMT" skipped="0">
  <testcase classname="HomePage.TestCases.NavigateToPDPPage" name="searchForProduct" time="3.617"/>
  <testcase classname="HomePage.TestCases.NavigateToPDPPage" name="clickOnAProductImage" time="3.888"/>
</testsuite> <!-- HomePage.TestCases.NavigateToPDPPage -->
