<?xml version="1.0" encoding="UTF-8"?>
<!-- Generated by org.testng.reporters.JUnitReportReporter -->
<testsuite hostname="ACD-002" failures="0" tests="2" name="HomePage.TestCases.NavigateToPDPPage" time="8.194" errors="0" timestamp="03 Sep 2019 11:34:39 GMT" skipped="0">
  <testcase classname="HomePage.TestCases.NavigateToPDPPage" name="searchForProduct" time="3.494"/>
  <testcase classname="HomePage.TestCases.NavigateToPDPPage" name="clickOnAProductImage" time="4.700"/>
</testsuite> <!-- HomePage.TestCases.NavigateToPDPPage -->
