<?xml version="1.0" encoding="UTF-8"?>
<!-- Generated by org.testng.reporters.JUnitReportReporter -->
<testsuite hostname="ACD-002" failures="0" tests="2" name="TestCases.RemoveAllItemsFromCart" time="4.134" errors="0" timestamp="28 Aug 2019 05:31:26 GMT" skipped="0">
  <testcase classname="TestCases.RemoveAllItemsFromCart" name="removeAllItems" time="0.106"/>
  <testcase classname="TestCases.RemoveAllItemsFromCart" name="navigateToHomePage" time="4.028"/>
</testsuite> <!-- TestCases.RemoveAllItemsFromCart -->
