<?xml version="1.0" encoding="UTF-8"?>
<!-- Generated by org.testng.reporters.JUnitReportReporter -->
<testsuite skipped="0" hostname="ACD-048" name="PDP.TestCases.AddProductToCart" tests="1" failures="0" timestamp="06 Sep 2019 12:49:07 GMT" time="1.562" errors="0">
  <testcase name="addAProductToCart" time="1.562" classname="PDP.TestCases.AddProductToCart"/>
</testsuite> <!-- PDP.TestCases.AddProductToCart -->
