<?xml version="1.0" encoding="UTF-8"?>
<!-- Generated by org.testng.reporters.JUnitReportReporter -->
<testsuite hostname="ACD-002" failures="0" tests="1" name="testcases.ClickOnCheckoutLink" time="4.117" errors="0" timestamp="30 Aug 2019 11:03:45 GMT" skipped="0">
  <testcase classname="testcases.ClickOnCheckoutLink" name="goToCheckoutPage" time="4.117"/>
</testsuite> <!-- testcases.ClickOnCheckoutLink -->
