<?xml version="1.0" encoding="UTF-8"?>
<!-- Generated by org.testng.reporters.JUnitReportReporter -->
<testsuite hostname="ACD-002" failures="0" tests="2" name="TestCases.RemoveAllItemsFromCart" time="8.190" errors="0" timestamp="16 Aug 2019 09:10:55 GMT" skipped="0">
  <testcase classname="TestCases.RemoveAllItemsFromCart" name="removeAllItems" time="4.497"/>
  <testcase classname="TestCases.RemoveAllItemsFromCart" name="navigateToHomePage" time="3.693"/>
</testsuite> <!-- TestCases.RemoveAllItemsFromCart -->
