<?xml version="1.0" encoding="UTF-8"?>
<!-- Generated by org.testng.reporters.JUnitReportReporter -->
<testsuite hostname="ACD-002" failures="0" tests="2" name="testcases.RemoveAllItemsFromCart" time="6.905" errors="0" timestamp="29 Aug 2019 14:41:15 GMT" skipped="0">
  <testcase classname="testcases.RemoveAllItemsFromCart" name="removeAllItems" time="2.899"/>
  <testcase classname="testcases.RemoveAllItemsFromCart" name="navigateToHomePage" time="4.006"/>
</testsuite> <!-- testcases.RemoveAllItemsFromCart -->
