<?xml version="1.0" encoding="UTF-8"?>
<!-- Generated by org.testng.reporters.JUnitReportReporter -->
<testsuite hostname="ACD-002" failures="0" tests="1" name="TestCases.ClickOnCheckoutLink" time="5.287" errors="0" timestamp="16 Aug 2019 09:10:55 GMT" skipped="0">
  <testcase classname="TestCases.ClickOnCheckoutLink" name="goToCheckoutPage" time="5.287"/>
</testsuite> <!-- TestCases.ClickOnCheckoutLink -->
