<?xml version="1.0" encoding="UTF-8"?>
<!-- Generated by org.testng.reporters.JUnitReportReporter -->
<testsuite hostname="ACD-002" failures="0" tests="2" name="Login.TestCases.Login" time="21.252" errors="0" timestamp="23 Aug 2019 09:36:06 GMT" skipped="0">
  <testcase classname="Login.TestCases.Login" name="clickOnLoginLink" time="8.919"/>
  <testcase classname="Login.TestCases.Login" name="enterLoginCredentials" time="12.333"/>
</testsuite> <!-- Login.TestCases.Login -->
