<?xml version="1.0" encoding="UTF-8"?>
<!-- Generated by org.testng.reporters.JUnitReportReporter -->
<testsuite hostname="ACD-002" failures="0" tests="1" name="testcases.ClickOnShoppingCartLink" time="1.654" errors="0" timestamp="03 Sep 2019 13:21:39 GMT" skipped="0">
  <testcase classname="testcases.ClickOnShoppingCartLink" name="goToShoppingCart" time="1.654"/>
</testsuite> <!-- testcases.ClickOnShoppingCartLink -->
