<?xml version="1.0" encoding="UTF-8"?>
<!-- Generated by org.testng.reporters.JUnitReportReporter -->
<testsuite hostname="ACD-002" failures="0" tests="2" name="HomePage.TestCases.NavigateToPDPPage" time="3.115" errors="0" timestamp="29 Aug 2019 14:41:15 GMT" skipped="0">
  <testcase classname="HomePage.TestCases.NavigateToPDPPage" name="searchForProduct" time="1.389"/>
  <testcase classname="HomePage.TestCases.NavigateToPDPPage" name="clickOnAProductImage" time="1.726"/>
</testsuite> <!-- HomePage.TestCases.NavigateToPDPPage -->
