<?xml version="1.0" encoding="UTF-8"?>
<!-- Generated by org.testng.reporters.JUnitReportReporter -->
<testsuite hostname="ACD-002" failures="0" tests="2" name="Login.TestCases.Login" time="5.483" errors="0" timestamp="28 Aug 2019 05:31:26 GMT" skipped="0">
  <testcase classname="Login.TestCases.Login" name="clickOnLoginLink" time="0.926"/>
  <testcase classname="Login.TestCases.Login" name="enterLoginCredentials" time="4.557"/>
</testsuite> <!-- Login.TestCases.Login -->
