<?xml version="1.0" encoding="UTF-8"?>
<!-- Generated by org.testng.reporters.JUnitReportReporter -->
<testsuite hostname="ACD-002" failures="0" tests="2" name="TestCases.RemoveAllItemsFromCart" time="55.776" errors="0" timestamp="23 Aug 2019 09:36:06 GMT" skipped="0">
  <testcase classname="TestCases.RemoveAllItemsFromCart" name="removeAllItems" time="39.567"/>
  <testcase classname="TestCases.RemoveAllItemsFromCart" name="navigateToHomePage" time="16.209"/>
</testsuite> <!-- TestCases.RemoveAllItemsFromCart -->
