<?xml version="1.0" encoding="UTF-8"?>
<!-- Generated by org.testng.reporters.JUnitReportReporter -->
<testsuite hostname="ACD-002" failures="0" tests="2" name="Login.TestCases.Login" time="3.187" errors="0" timestamp="30 Aug 2019 11:03:45 GMT" skipped="0">
  <testcase classname="Login.TestCases.Login" name="clickOnLoginLink" time="0.738"/>
  <testcase classname="Login.TestCases.Login" name="enterLoginCredentials" time="2.449"/>
</testsuite> <!-- Login.TestCases.Login -->
