<?xml version="1.0" encoding="UTF-8"?>
<!-- Generated by org.testng.reporters.JUnitReportReporter -->
<testsuite hostname="ACD-002" failures="0" tests="2" name="testcases.RemoveAllItemsFromCart" time="4.593" errors="0" timestamp="03 Sep 2019 11:34:39 GMT" skipped="0">
  <testcase classname="testcases.RemoveAllItemsFromCart" name="removeAllItems" time="0.075"/>
  <testcase classname="testcases.RemoveAllItemsFromCart" name="navigateToHomePage" time="4.518"/>
</testsuite> <!-- testcases.RemoveAllItemsFromCart -->
