<?xml version="1.0" encoding="UTF-8"?>
<!-- Generated by org.testng.reporters.JUnitReportReporter -->
<testsuite hostname="ACD-002" failures="0" tests="1" name="TestCases.ClickOnCheckoutLink" time="14.693" errors="0" timestamp="28 Aug 2019 05:31:26 GMT" skipped="0">
  <testcase classname="TestCases.ClickOnCheckoutLink" name="goToCheckoutPage" time="14.693"/>
</testsuite> <!-- TestCases.ClickOnCheckoutLink -->
