<?xml version="1.0" encoding="UTF-8"?>
<!-- Generated by org.testng.reporters.JUnitReportReporter -->
<testsuite hostname="ACD-002" failures="0" tests="1" name="PDP.TestCases.AddProductToCart" time="1.238" errors="0" timestamp="16 Aug 2019 09:10:55 GMT" skipped="0">
  <testcase classname="PDP.TestCases.AddProductToCart" name="addAProductToCart" time="1.238"/>
</testsuite> <!-- PDP.TestCases.AddProductToCart -->
