<?xml version="1.0" encoding="UTF-8"?>
<!-- Generated by org.testng.reporters.JUnitReportReporter -->
<testsuite hostname="ACD-002" failures="0" tests="1" name="testcases.ClickOnCheckoutLink" time="11.960" errors="0" timestamp="03 Sep 2019 11:34:39 GMT" skipped="0">
  <testcase classname="testcases.ClickOnCheckoutLink" name="goToCheckoutPage" time="11.960"/>
</testsuite> <!-- testcases.ClickOnCheckoutLink -->
