<?xml version="1.0" encoding="UTF-8"?>
<!-- Generated by org.testng.reporters.JUnitReportReporter -->
<testsuite hostname="ACD-002" failures="0" tests="1" name="TestCases.NavigateToShoppingCart" time="1.352" errors="0" timestamp="13 Aug 2019 12:27:26 GMT" skipped="0">
  <testcase classname="TestCases.NavigateToShoppingCart" name="goToShoppingCart" time="1.352"/>
</testsuite> <!-- TestCases.NavigateToShoppingCart -->
