<?xml version="1.0" encoding="UTF-8"?>
<!-- Generated by org.testng.reporters.JUnitReportReporter -->
<testsuite hostname="ACD-002" failures="0" tests="2" name="Login.TestCases.Login" time="5.084" errors="0" timestamp="16 Aug 2019 09:10:55 GMT" skipped="0">
  <testcase classname="Login.TestCases.Login" name="clickOnLoginLink" time="3.468"/>
  <testcase classname="Login.TestCases.Login" name="enterLoginCredentials" time="1.616"/>
</testsuite> <!-- Login.TestCases.Login -->
