<?xml version="1.0" encoding="UTF-8"?>
<!-- Generated by org.testng.reporters.JUnitReportReporter -->
<testsuite hostname="ACD-002" failures="0" tests="1" name="PDP.TestCases.AddProductToCart" time="2.102" errors="0" timestamp="23 Aug 2019 09:36:06 GMT" skipped="0">
  <testcase classname="PDP.TestCases.AddProductToCart" name="addAProductToCart" time="2.102"/>
</testsuite> <!-- PDP.TestCases.AddProductToCart -->
