<?xml version="1.0" encoding="UTF-8"?>
<!-- Generated by org.testng.reporters.JUnitReportReporter -->
<testsuite hostname="ACD-002" failures="0" tests="1" name="TestMethods.OpenBrowser" time="12.456" errors="0" timestamp="16 Aug 2019 09:10:55 GMT" skipped="0">
  <testcase classname="TestMethods.OpenBrowser" name="openBrowser" time="12.456"/>
</testsuite> <!-- TestMethods.OpenBrowser -->
