<?xml version="1.0" encoding="UTF-8"?>
<!-- Generated by org.testng.reporters.JUnitReportReporter -->
<testsuite skipped="0" hostname="ACD-048" name="Login.TestCases.Login" tests="2" failures="0" timestamp="06 Sep 2019 12:49:07 GMT" time="1.163" errors="0">
  <testcase name="clickOnLoginLink" time="0.259" classname="Login.TestCases.Login"/>
  <testcase name="enterLoginCredentials" time="0.904" classname="Login.TestCases.Login"/>
</testsuite> <!-- Login.TestCases.Login -->
