<?xml version="1.0" encoding="UTF-8"?>
<!-- Generated by org.testng.reporters.JUnitReportReporter -->
<testsuite skipped="0" hostname="ACD-048" name="HomePage.TestCases.NavigateToPDPPage" tests="2" failures="0" timestamp="06 Sep 2019 12:49:07 GMT" time="2.924" errors="0">
  <testcase name="searchForProduct" time="1.845" classname="HomePage.TestCases.NavigateToPDPPage"/>
  <testcase name="clickOnAProductImage" time="1.079" classname="HomePage.TestCases.NavigateToPDPPage"/>
</testsuite> <!-- HomePage.TestCases.NavigateToPDPPage -->
