<?xml version="1.0" encoding="UTF-8"?>
<!-- Generated by org.testng.reporters.JUnitReportReporter -->
<testsuite hostname="ACD-002" failures="0" tests="1" name="testcases.ClickOnShoppingCartLink" time="1.448" errors="0" timestamp="29 Aug 2019 14:41:15 GMT" skipped="0">
  <testcase classname="testcases.ClickOnShoppingCartLink" name="goToShoppingCart" time="1.448"/>
</testsuite> <!-- testcases.ClickOnShoppingCartLink -->
