<?xml version="1.0" encoding="UTF-8"?>
<!-- Generated by org.testng.reporters.JUnitReportReporter -->
<testsuite hostname="ACD-002" failures="0" tests="2" name="Login.TestCases.Login" time="5.718" errors="0" timestamp="03 Sep 2019 11:34:39 GMT" skipped="0">
  <testcase classname="Login.TestCases.Login" name="clickOnLoginLink" time="1.533"/>
  <testcase classname="Login.TestCases.Login" name="enterLoginCredentials" time="4.185"/>
</testsuite> <!-- Login.TestCases.Login -->
