<?xml version="1.0" encoding="UTF-8"?>
<!-- Generated by org.testng.reporters.JUnitReportReporter -->
<testsuite hostname="ACD-002" failures="0" tests="6" name="CheckoutPage.TestCases.AddDetailsOnCheckoutPage" time="29.774" errors="0" timestamp="30 Aug 2019 11:03:45 GMT" skipped="0">
  <testcase classname="CheckoutPage.TestCases.AddDetailsOnCheckoutPage" name="addShippingAddress" time="1.279"/>
  <testcase classname="CheckoutPage.TestCases.AddDetailsOnCheckoutPage" name="selectShippingOption" time="17.591"/>
  <testcase classname="CheckoutPage.TestCases.AddDetailsOnCheckoutPage" name="selectPaymentOption" time="0.625"/>
  <testcase classname="CheckoutPage.TestCases.AddDetailsOnCheckoutPage" name="enterPaymentDetails" time="0.299"/>
  <testcase classname="CheckoutPage.TestCases.AddDetailsOnCheckoutPage" name="clickOnPlaceOrder" time="0.433"/>
  <testcase classname="CheckoutPage.TestCases.AddDetailsOnCheckoutPage" name="clickOnContinueShopping" time="9.547"/>
</testsuite> <!-- CheckoutPage.TestCases.AddDetailsOnCheckoutPage -->
