<?xml version="1.0" encoding="UTF-8"?>
<!-- Generated by org.testng.reporters.JUnitReportReporter -->
<testsuite hostname="ACD-002" failures="0" tests="2" name="HomePage.TestCases.NavigateToPDPPage" time="115.831" errors="0" timestamp="23 Aug 2019 09:36:06 GMT" skipped="0">
  <testcase classname="HomePage.TestCases.NavigateToPDPPage" name="searchForProduct" time="81.165"/>
  <testcase classname="HomePage.TestCases.NavigateToPDPPage" name="clickOnAProductImage" time="34.666"/>
</testsuite> <!-- HomePage.TestCases.NavigateToPDPPage -->
