<?xml version="1.0" encoding="UTF-8"?>
<!-- Generated by org.testng.reporters.JUnitReportReporter -->
<testsuite hostname="ACD-002" failures="0" tests="2" name="testcases.RemoveAllItemsFromCart" time="5.488" errors="0" timestamp="03 Sep 2019 13:21:38 GMT" skipped="0">
  <testcase classname="testcases.RemoveAllItemsFromCart" name="removeAllItems" time="1.528"/>
  <testcase classname="testcases.RemoveAllItemsFromCart" name="navigateToHomePage" time="3.960"/>
</testsuite> <!-- testcases.RemoveAllItemsFromCart -->
